<?xml version="1.0" encoding="UTF-8"?>
<testng-results skipped="0" failed="0" total="1" passed="1">
  <reporter-output>
  </reporter-output>
  <suite name="Ant Jenkins Test" duration-ms="131149" started-at="2016-06-06T11:58:22Z" finished-at="2016-06-06T12:00:33Z">
    <groups>
    </groups>
    <test name="Smoke" duration-ms="131149" started-at="2016-06-06T11:58:22Z" finished-at="2016-06-06T12:00:33Z">
      <class name="myPackege.SmokeTest">
        <test-method status="PASS" signature="loginTest()[pri:0, instance:myPackege.SmokeTest@4411d970]" name="loginTest" duration-ms="131033" started-at="2016-06-06T04:58:22Z" finished-at="2016-06-06T05:00:33Z">
          <reporter-output>
          </reporter-output>
        </test-method> <!-- loginTest -->
      </class> <!-- myPackege.SmokeTest -->
    </test> <!-- Smoke -->
  </suite> <!-- Ant Jenkins Test -->
</testng-results>
